Compiled jquery.js  (10ms)  (pid 7376)
Compiled jquery_ujs.js  (0ms)  (pid 7376)
Compiled bootstrap-transition.js  (0ms)  (pid 7376)
Compiled bootstrap-affix.js  (0ms)  (pid 7376)
Compiled bootstrap-alert.js  (0ms)  (pid 7376)
Compiled bootstrap-button.js  (0ms)  (pid 7376)
Compiled bootstrap-carousel.js  (0ms)  (pid 7376)
Compiled bootstrap-collapse.js  (0ms)  (pid 7376)
Compiled bootstrap-dropdown.js  (0ms)  (pid 7376)
Compiled bootstrap-modal.js  (0ms)  (pid 7376)
Compiled bootstrap-scrollspy.js  (0ms)  (pid 7376)
Compiled bootstrap-tab.js  (0ms)  (pid 7376)
Compiled bootstrap-tooltip.js  (0ms)  (pid 7376)
Compiled bootstrap-popover.js  (0ms)  (pid 7376)
Compiled bootstrap-typeahead.js  (0ms)  (pid 7376)
Compiled bootstrap.js  (275ms)  (pid 7376)
Compiled application.js  (390ms)  (pid 7376)
Compiled application.css  (1940ms)  (pid 7376)
Compiled jquery.js  (10ms)  (pid 6452)
Compiled jquery_ujs.js  (0ms)  (pid 6452)
Compiled bootstrap-transition.js  (0ms)  (pid 6452)
Compiled bootstrap-affix.js  (0ms)  (pid 6452)
Compiled bootstrap-alert.js  (0ms)  (pid 6452)
Compiled bootstrap-button.js  (0ms)  (pid 6452)
Compiled bootstrap-carousel.js  (0ms)  (pid 6452)
Compiled bootstrap-collapse.js  (0ms)  (pid 6452)
Compiled bootstrap-dropdown.js  (5ms)  (pid 6452)
Compiled bootstrap-modal.js  (0ms)  (pid 6452)
Compiled bootstrap-scrollspy.js  (0ms)  (pid 6452)
Compiled bootstrap-tab.js  (0ms)  (pid 6452)
Compiled bootstrap-tooltip.js  (0ms)  (pid 6452)
Compiled bootstrap-popover.js  (0ms)  (pid 6452)
Compiled bootstrap-typeahead.js  (0ms)  (pid 6452)
Compiled bootstrap.js  (165ms)  (pid 6452)
Compiled application.js  (230ms)  (pid 6452)
Compiled application.css  (1490ms)  (pid 6452)
